Tue 09 Jun 2020 12:00:01 AM CDT kile-app2 YouTube-DL Update
Running list subscriptions
Tue 09 Jun 2020 12:00:01 AM CDT kile-app2 YouTube-DL Update
Authenticating YouTube with file /mnt/unraid/Cronjobs/media/config/rynok86
entertainment
gaming
tech
vocal
twitch
otheryt
kids
dance
Tue 09 Jun 2020 12:10:01 AM CDT kile-app2 YouTube-DL Update
Authenticating YouTube with file /mnt/unraid/Cronjobs/media/config/rynok86
Tue 09 Jun 2020 12:20:01 AM CDT kile-app2 YouTube-DL Update
Authenticating YouTube with file /mnt/unraid/Cronjobs/media/config/rynok86
Tue 09 Jun 2020 12:30:01 AM CDT kile-app2 YouTube-DL Update
Authenticating YouTube with file /mnt/unraid/Cronjobs/media/config/rynok86
Tue 09 Jun 2020 12:40:01 AM CDT kile-app2 YouTube-DL Update
Authenticating YouTube with file /mnt/unraid/Cronjobs/media/config/rynok86
Tue 09 Jun 2020 12:50:01 AM CDT kile-app2 YouTube-DL Update
Authenticating YouTube with file /mnt/unraid/Cronjobs/media/config/rynok86
Tue 09 Jun 2020 06:00:01 AM CDT kile-app2 YouTube-DL Update
Tue 09 Jun 2020 06:00:01 AM CDT kile-app2 YouTube-DL Update
Running list subscriptions
Authenticating YouTube with file /mnt/unraid/Cronjobs/media/config/rynok86
entertainment
gaming
tech
vocal
twitch
otheryt
kids
dance
Tue 09 Jun 2020 06:10:01 AM CDT kile-app2 YouTube-DL Update
Authenticating YouTube with file /mnt/unraid/Cronjobs/media/config/rynok86
Tue 09 Jun 2020 06:20:01 AM CDT kile-app2 YouTube-DL Update
Authenticating YouTube with file /mnt/unraid/Cronjobs/media/config/rynok86
Tue 09 Jun 2020 06:30:01 AM CDT kile-app2 YouTube-DL Update
Authenticating YouTube with file /mnt/unraid/Cronjobs/media/config/rynok86
Tue 09 Jun 2020 06:40:01 AM CDT kile-app2 YouTube-DL Update
Authenticating YouTube with file /mnt/unraid/Cronjobs/media/config/rynok86
Tue 09 Jun 2020 06:50:01 AM CDT kile-app2 YouTube-DL Update
Authenticating YouTube with file /mnt/unraid/Cronjobs/media/config/rynok86
Tue 09 Jun 2020 07:00:01 AM CDT kile-app2 YouTube-DL Update
Tue 09 Jun 2020 07:00:01 AM CDT kile-app2 YouTube-DL Update
Running list subscriptions
Authenticating YouTube with file /mnt/unraid/Cronjobs/media/config/rynok86
entertainment
gaming
tech
vocal
twitch
otheryt
kids
dance
Tue 09 Jun 2020 07:10:01 AM CDT kile-app2 YouTube-DL Update
Authenticating YouTube with file /mnt/unraid/Cronjobs/media/config/rynok86
Tue 09 Jun 2020 07:20:01 AM CDT kile-app2 YouTube-DL Update
Authenticating YouTube with file /mnt/unraid/Cronjobs/media/config/rynok86
Tue 09 Jun 2020 07:30:01 AM CDT kile-app2 YouTube-DL Update
Authenticating YouTube with file /mnt/unraid/Cronjobs/media/config/rynok86
Tue 09 Jun 2020 07:40:01 AM CDT kile-app2 YouTube-DL Update
Authenticating YouTube with file /mnt/unraid/Cronjobs/media/config/rynok86
Tue 09 Jun 2020 07:50:01 AM CDT kile-app2 YouTube-DL Update
Authenticating YouTube with file /mnt/unraid/Cronjobs/media/config/rynok86
Tue 09 Jun 2020 08:00:01 AM CDT kile-app2 YouTube-DL Update
Tue 09 Jun 2020 08:00:01 AM CDT kile-app2 YouTube-DL Update
Running list subscriptions
Authenticating YouTube with file /mnt/unraid/Cronjobs/media/config/rynok86
entertainment
gaming
tech
vocal
twitch
otheryt
kids
dance
Tue 09 Jun 2020 08:10:01 AM CDT kile-app2 YouTube-DL Update
Authenticating YouTube with file /mnt/unraid/Cronjobs/media/config/rynok86
Tue 09 Jun 2020 08:20:01 AM CDT kile-app2 YouTube-DL Update
Authenticating YouTube with file /mnt/unraid/Cronjobs/media/config/rynok86
Tue 09 Jun 2020 08:30:01 AM CDT kile-app2 YouTube-DL Update
Authenticating YouTube with file /mnt/unraid/Cronjobs/media/config/rynok86
Tue 09 Jun 2020 08:40:01 AM CDT kile-app2 YouTube-DL Update
Authenticating YouTube with file /mnt/unraid/Cronjobs/media/config/rynok86
Tue 09 Jun 2020 08:50:02 AM CDT kile-app2 YouTube-DL Update
Authenticating YouTube with file /mnt/unraid/Cronjobs/media/config/rynok86
Tue 09 Jun 2020 09:00:01 AM CDT kile-app2 YouTube-DL Update
Tue 09 Jun 2020 09:00:01 AM CDT kile-app2 YouTube-DL Update
Running list subscriptions
Authenticating YouTube with file /mnt/unraid/Cronjobs/media/config/rynok86
entertainment
gaming
tech
vocal
twitch
otheryt
kids
dance
Tue 09 Jun 2020 09:10:01 AM CDT kile-app2 YouTube-DL Update
Authenticating YouTube with file /mnt/unraid/Cronjobs/media/config/rynok86
Tue 09 Jun 2020 09:20:01 AM CDT kile-app2 YouTube-DL Update
Authenticating YouTube with file /mnt/unraid/Cronjobs/media/config/rynok86
Tue 09 Jun 2020 09:30:01 AM CDT kile-app2 YouTube-DL Update
Authenticating YouTube with file /mnt/unraid/Cronjobs/media/config/rynok86
Tue 09 Jun 2020 09:40:01 AM CDT kile-app2 YouTube-DL Update
Authenticating YouTube with file /mnt/unraid/Cronjobs/media/config/rynok86
Tue 09 Jun 2020 09:50:01 AM CDT kile-app2 YouTube-DL Update
Authenticating YouTube with file /mnt/unraid/Cronjobs/media/config/rynok86
Tue 09 Jun 2020 10:00:01 AM CDT kile-app2 YouTube-DL Update
Tue 09 Jun 2020 10:00:01 AM CDT kile-app2 YouTube-DL Update
Running list subscriptions
Authenticating YouTube with file /mnt/unraid/Cronjobs/media/config/rynok86
entertainment
gaming
tech
vocal
twitch
otheryt
kids
dance
Tue 09 Jun 2020 10:10:01 AM CDT kile-app2 YouTube-DL Update
Authenticating YouTube with file /mnt/unraid/Cronjobs/media/config/rynok86
Tue 09 Jun 2020 10:20:01 AM CDT kile-app2 YouTube-DL Update
Authenticating YouTube with file /mnt/unraid/Cronjobs/media/config/rynok86
Tue 09 Jun 2020 10:30:01 AM CDT kile-app2 YouTube-DL Update
Authenticating YouTube with file /mnt/unraid/Cronjobs/media/config/rynok86
Tue 09 Jun 2020 10:40:01 AM CDT kile-app2 YouTube-DL Update
Authenticating YouTube with file /mnt/unraid/Cronjobs/media/config/rynok86
Tue 09 Jun 2020 10:50:01 AM CDT kile-app2 YouTube-DL Update
Authenticating YouTube with file /mnt/unraid/Cronjobs/media/config/rynok86
Tue 09 Jun 2020 11:00:01 AM CDT kile-app2 YouTube-DL Update
Tue 09 Jun 2020 11:00:01 AM CDT kile-app2 YouTube-DL Update
Running list subscriptions
Authenticating YouTube with file /mnt/unraid/Cronjobs/media/config/rynok86
entertainment
gaming
tech
vocal
twitch
otheryt
kids
dance
Tue 09 Jun 2020 11:10:01 AM CDT kile-app2 YouTube-DL Update
Authenticating YouTube with file /mnt/unraid/Cronjobs/media/config/rynok86
Tue 09 Jun 2020 11:20:01 AM CDT kile-app2 YouTube-DL Update
Authenticating YouTube with file /mnt/unraid/Cronjobs/media/config/rynok86
Tue 09 Jun 2020 11:30:01 AM CDT kile-app2 YouTube-DL Update
Authenticating YouTube with file /mnt/unraid/Cronjobs/media/config/rynok86
Tue 09 Jun 2020 11:40:01 AM CDT kile-app2 YouTube-DL Update
Authenticating YouTube with file /mnt/unraid/Cronjobs/media/config/rynok86
Tue 09 Jun 2020 11:50:01 AM CDT kile-app2 YouTube-DL Update
Authenticating YouTube with file /mnt/unraid/Cronjobs/media/config/rynok86
Tue 09 Jun 2020 12:00:01 PM CDT kile-app2 YouTube-DL Update
Tue 09 Jun 2020 12:00:01 PM CDT kile-app2 YouTube-DL Update
Running list subscriptions
Authenticating YouTube with file /mnt/unraid/Cronjobs/media/config/rynok86
entertainment
gaming
tech
vocal
twitch
otheryt
kids
dance
Tue 09 Jun 2020 12:10:01 PM CDT kile-app2 YouTube-DL Update
Authenticating YouTube with file /mnt/unraid/Cronjobs/media/config/rynok86
Tue 09 Jun 2020 12:20:01 PM CDT kile-app2 YouTube-DL Update
Authenticating YouTube with file /mnt/unraid/Cronjobs/media/config/rynok86
Tue 09 Jun 2020 12:30:02 PM CDT kile-app2 YouTube-DL Update
Authenticating YouTube with file /mnt/unraid/Cronjobs/media/config/rynok86
Tue 09 Jun 2020 12:40:01 PM CDT kile-app2 YouTube-DL Update
Authenticating YouTube with file /mnt/unraid/Cronjobs/media/config/rynok86
Tue 09 Jun 2020 12:50:01 PM CDT kile-app2 YouTube-DL Update
Authenticating YouTube with file /mnt/unraid/Cronjobs/media/config/rynok86
Tue 09 Jun 2020 01:00:01 PM CDT kile-app2 YouTube-DL Update
Tue 09 Jun 2020 01:00:01 PM CDT kile-app2 YouTube-DL Update
Running list subscriptions
Authenticating YouTube with file /mnt/unraid/Cronjobs/media/config/rynok86
entertainment
gaming
tech
vocal
twitch
otheryt
kids
dance
Tue 09 Jun 2020 01:10:01 PM CDT kile-app2 YouTube-DL Update
Authenticating YouTube with file /mnt/unraid/Cronjobs/media/config/rynok86
Tue 09 Jun 2020 01:20:01 PM CDT kile-app2 YouTube-DL Update
Authenticating YouTube with file /mnt/unraid/Cronjobs/media/config/rynok86
Tue 09 Jun 2020 01:30:01 PM CDT kile-app2 YouTube-DL Update
Authenticating YouTube with file /mnt/unraid/Cronjobs/media/config/rynok86
Tue 09 Jun 2020 01:40:01 PM CDT kile-app2 YouTube-DL Update
Authenticating YouTube with file /mnt/unraid/Cronjobs/media/config/rynok86
Tue 09 Jun 2020 01:50:01 PM CDT kile-app2 YouTube-DL Update
Authenticating YouTube with file /mnt/unraid/Cronjobs/media/config/rynok86
