Tue 26 May 2020 12:00:01 AM CDT kile-app2 YouTube-DL Update
Running list subscriptions
Tue 26 May 2020 12:00:01 AM CDT kile-app2 YouTube-DL Update
Authenticating YouTube with file /mnt/unraid/Cronjobs/media/config/rynok86
entertainment
gaming
tech
vocal
Tue 26 May 2020 12:10:01 AM CDT kile-app2 YouTube-DL Update
Authenticating YouTube with file /mnt/unraid/Cronjobs/media/config/rynok86
twitch
otheryt
kidz
/mnt/unraid/Cronjobs/media/scripts/ytdl.sh: 176: cannot open /mnt/unraid/Downloads/YouTube/lists/kidz.txt: No such file
dance
Tue 26 May 2020 12:20:01 AM CDT kile-app2 YouTube-DL Update
Authenticating YouTube with file /mnt/unraid/Cronjobs/media/config/rynok86
Tue 26 May 2020 12:30:01 AM CDT kile-app2 YouTube-DL Update
Authenticating YouTube with file /mnt/unraid/Cronjobs/media/config/rynok86
Tue 26 May 2020 12:40:01 AM CDT kile-app2 YouTube-DL Update
Authenticating YouTube with file /mnt/unraid/Cronjobs/media/config/rynok86
Tue 26 May 2020 12:50:01 AM CDT kile-app2 YouTube-DL Update
Authenticating YouTube with file /mnt/unraid/Cronjobs/media/config/rynok86
Tue 26 May 2020 06:00:01 AM CDT kile-app2 YouTube-DL Update
Tue 26 May 2020 06:00:01 AM CDT kile-app2 YouTube-DL Update
Running list subscriptions
Authenticating YouTube with file /mnt/unraid/Cronjobs/media/config/rynok86
entertainment
gaming
tech
vocal
Tue 26 May 2020 06:10:01 AM CDT kile-app2 YouTube-DL Update
Authenticating YouTube with file /mnt/unraid/Cronjobs/media/config/rynok86
twitch
otheryt
kids
mkdir: created directory '/mnt/unraid/Downloads/YouTube/kids'
mkdir: created directory '/mnt/unraid/Downloads/YouTube/kids/kids'
Tue 26 May 2020 06:20:01 AM CDT kile-app2 YouTube-DL Update
Authenticating YouTube with file /mnt/unraid/Cronjobs/media/config/rynok86
Tue 26 May 2020 06:30:01 AM CDT kile-app2 YouTube-DL Update
Authenticating YouTube with file /mnt/unraid/Cronjobs/media/config/rynok86
Tue 26 May 2020 06:40:01 AM CDT kile-app2 YouTube-DL Update
Authenticating YouTube with file /mnt/unraid/Cronjobs/media/config/rynok86
Tue 26 May 2020 06:50:01 AM CDT kile-app2 YouTube-DL Update
Authenticating YouTube with file /mnt/unraid/Cronjobs/media/config/rynok86
Tue 26 May 2020 07:00:01 AM CDT kile-app2 YouTube-DL Update
Unable to run list subscriptions due to pause existing
Tue 26 May 2020 07:00:01 AM CDT kile-app2 YouTube-DL Update
Authenticating YouTube with file /mnt/unraid/Cronjobs/media/config/rynok86
Tue 26 May 2020 07:10:01 AM CDT kile-app2 YouTube-DL Update
Authenticating YouTube with file /mnt/unraid/Cronjobs/media/config/rynok86
Tue 26 May 2020 07:20:01 AM CDT kile-app2 YouTube-DL Update
Authenticating YouTube with file /mnt/unraid/Cronjobs/media/config/rynok86
Tue 26 May 2020 07:30:01 AM CDT kile-app2 YouTube-DL Update
Authenticating YouTube with file /mnt/unraid/Cronjobs/media/config/rynok86
Tue 26 May 2020 07:40:01 AM CDT kile-app2 YouTube-DL Update
Authenticating YouTube with file /mnt/unraid/Cronjobs/media/config/rynok86
Tue 26 May 2020 07:50:01 AM CDT kile-app2 YouTube-DL Update
Authenticating YouTube with file /mnt/unraid/Cronjobs/media/config/rynok86
Tue 26 May 2020 08:00:01 AM CDT kile-app2 YouTube-DL Update
Tue 26 May 2020 08:00:01 AM CDT kile-app2 YouTube-DL Update
Unable to run list subscriptions due to pause existing
Authenticating YouTube with file /mnt/unraid/Cronjobs/media/config/rynok86
Tue 26 May 2020 08:10:01 AM CDT kile-app2 YouTube-DL Update
Authenticating YouTube with file /mnt/unraid/Cronjobs/media/config/rynok86
Tue 26 May 2020 08:20:01 AM CDT kile-app2 YouTube-DL Update
Authenticating YouTube with file /mnt/unraid/Cronjobs/media/config/rynok86
Tue 26 May 2020 08:30:01 AM CDT kile-app2 YouTube-DL Update
Authenticating YouTube with file /mnt/unraid/Cronjobs/media/config/rynok86
Tue 26 May 2020 08:40:01 AM CDT kile-app2 YouTube-DL Update
Authenticating YouTube with file /mnt/unraid/Cronjobs/media/config/rynok86
Tue 26 May 2020 08:50:01 AM CDT kile-app2 YouTube-DL Update
Authenticating YouTube with file /mnt/unraid/Cronjobs/media/config/rynok86
Tue 26 May 2020 09:00:01 AM CDT kile-app2 YouTube-DL Update
Tue 26 May 2020 09:00:01 AM CDT kile-app2 YouTube-DL Update
Unable to run list subscriptions due to pause existing
Authenticating YouTube with file /mnt/unraid/Cronjobs/media/config/rynok86
Tue 26 May 2020 09:10:01 AM CDT kile-app2 YouTube-DL Update
Authenticating YouTube with file /mnt/unraid/Cronjobs/media/config/rynok86
Tue 26 May 2020 09:20:01 AM CDT kile-app2 YouTube-DL Update
Authenticating YouTube with file /mnt/unraid/Cronjobs/media/config/rynok86
Tue 26 May 2020 09:30:01 AM CDT kile-app2 YouTube-DL Update
Authenticating YouTube with file /mnt/unraid/Cronjobs/media/config/rynok86
Tue 26 May 2020 09:40:01 AM CDT kile-app2 YouTube-DL Update
Authenticating YouTube with file /mnt/unraid/Cronjobs/media/config/rynok86
Tue 26 May 2020 09:50:01 AM CDT kile-app2 YouTube-DL Update
Authenticating YouTube with file /mnt/unraid/Cronjobs/media/config/rynok86
Tue 26 May 2020 10:00:01 AM CDT kile-app2 YouTube-DL Update
Tue 26 May 2020 10:00:01 AM CDT kile-app2 YouTube-DL Update
Unable to run list subscriptions due to pause existing
Authenticating YouTube with file /mnt/unraid/Cronjobs/media/config/rynok86
Tue 26 May 2020 10:10:01 AM CDT kile-app2 YouTube-DL Update
Authenticating YouTube with file /mnt/unraid/Cronjobs/media/config/rynok86
Tue 26 May 2020 10:20:01 AM CDT kile-app2 YouTube-DL Update
Authenticating YouTube with file /mnt/unraid/Cronjobs/media/config/rynok86
Tue 26 May 2020 10:30:01 AM CDT kile-app2 YouTube-DL Update
Authenticating YouTube with file /mnt/unraid/Cronjobs/media/config/rynok86
Tue 26 May 2020 10:40:01 AM CDT kile-app2 YouTube-DL Update
Authenticating YouTube with file /mnt/unraid/Cronjobs/media/config/rynok86
Tue 26 May 2020 10:50:01 AM CDT kile-app2 YouTube-DL Update
Authenticating YouTube with file /mnt/unraid/Cronjobs/media/config/rynok86
Tue 26 May 2020 11:00:01 AM CDT kile-app2 YouTube-DL Update
Tue 26 May 2020 11:00:01 AM CDT kile-app2 YouTube-DL Update
Unable to run list subscriptions due to pause existing
Authenticating YouTube with file /mnt/unraid/Cronjobs/media/config/rynok86
Tue 26 May 2020 11:10:01 AM CDT kile-app2 YouTube-DL Update
Authenticating YouTube with file /mnt/unraid/Cronjobs/media/config/rynok86
dance
Tue 26 May 2020 11:20:01 AM CDT kile-app2 YouTube-DL Update
Authenticating YouTube with file /mnt/unraid/Cronjobs/media/config/rynok86
Tue 26 May 2020 11:30:01 AM CDT kile-app2 YouTube-DL Update
Authenticating YouTube with file /mnt/unraid/Cronjobs/media/config/rynok86
Tue 26 May 2020 11:40:01 AM CDT kile-app2 YouTube-DL Update
Authenticating YouTube with file /mnt/unraid/Cronjobs/media/config/rynok86
Tue 26 May 2020 11:50:01 AM CDT kile-app2 YouTube-DL Update
Authenticating YouTube with file /mnt/unraid/Cronjobs/media/config/rynok86
Tue 26 May 2020 12:00:01 PM CDT kile-app2 YouTube-DL Update
Tue 26 May 2020 12:00:01 PM CDT kile-app2 YouTube-DL Update
Unable to run list subscriptions due to pause existing
Authenticating YouTube with file /mnt/unraid/Cronjobs/media/config/rynok86
Tue 26 May 2020 12:10:01 PM CDT kile-app2 YouTube-DL Update
Authenticating YouTube with file /mnt/unraid/Cronjobs/media/config/rynok86
Tue 26 May 2020 12:20:01 PM CDT kile-app2 YouTube-DL Update
Authenticating YouTube with file /mnt/unraid/Cronjobs/media/config/rynok86
Tue 26 May 2020 12:30:01 PM CDT kile-app2 YouTube-DL Update
Authenticating YouTube with file /mnt/unraid/Cronjobs/media/config/rynok86
Tue 26 May 2020 12:40:01 PM CDT kile-app2 YouTube-DL Update
Authenticating YouTube with file /mnt/unraid/Cronjobs/media/config/rynok86
Tue 26 May 2020 12:50:01 PM CDT kile-app2 YouTube-DL Update
Authenticating YouTube with file /mnt/unraid/Cronjobs/media/config/rynok86
Tue 26 May 2020 01:00:01 PM CDT kile-app2 YouTube-DL Update
Tue 26 May 2020 01:00:01 PM CDT kile-app2 YouTube-DL Update
Running list subscriptions
Authenticating YouTube with file /mnt/unraid/Cronjobs/media/config/rynok86
entertainment
gaming
tech
vocal
Tue 26 May 2020 01:10:01 PM CDT kile-app2 YouTube-DL Update
Authenticating YouTube with file /mnt/unraid/Cronjobs/media/config/rynok86
twitch
Tue 26 May 2020 01:20:01 PM CDT kile-app2 YouTube-DL Update
Authenticating YouTube with file /mnt/unraid/Cronjobs/media/config/rynok86
otheryt
kids
Tue 26 May 2020 01:30:01 PM CDT kile-app2 YouTube-DL Update
Authenticating YouTube with file /mnt/unraid/Cronjobs/media/config/rynok86
dance
Tue 26 May 2020 01:40:01 PM CDT kile-app2 YouTube-DL Update
Authenticating YouTube with file /mnt/unraid/Cronjobs/media/config/rynok86
Tue 26 May 2020 01:50:01 PM CDT kile-app2 YouTube-DL Update
Authenticating YouTube with file /mnt/unraid/Cronjobs/media/config/rynok86
Tue 26 May 2020 02:00:01 PM CDT kile-app2 YouTube-DL Update
Tue 26 May 2020 02:00:01 PM CDT kile-app2 YouTube-DL Update
Unable to run list subscriptions due to pause existing
Authenticating YouTube with file /mnt/unraid/Cronjobs/media/config/rynok86
Tue 26 May 2020 02:10:01 PM CDT kile-app2 YouTube-DL Update
Authenticating YouTube with file /mnt/unraid/Cronjobs/media/config/rynok86
Tue 26 May 2020 02:20:01 PM CDT kile-app2 YouTube-DL Update
Authenticating YouTube with file /mnt/unraid/Cronjobs/media/config/rynok86
Tue 26 May 2020 02:30:01 PM CDT kile-app2 YouTube-DL Update
Authenticating YouTube with file /mnt/unraid/Cronjobs/media/config/rynok86
Tue 26 May 2020 02:40:01 PM CDT kile-app2 YouTube-DL Update
Authenticating YouTube with file /mnt/unraid/Cronjobs/media/config/rynok86
Tue 26 May 2020 02:50:01 PM CDT kile-app2 YouTube-DL Update
Authenticating YouTube with file /mnt/unraid/Cronjobs/media/config/rynok86
Tue 26 May 2020 03:00:01 PM CDT kile-app2 YouTube-DL Update
Tue 26 May 2020 03:00:01 PM CDT kile-app2 YouTube-DL Update
Running list subscriptions
Authenticating YouTube with file /mnt/unraid/Cronjobs/media/config/rynok86
entertainment
gaming
tech
vocal
Tue 26 May 2020 03:10:01 PM CDT kile-app2 YouTube-DL Update
Authenticating YouTube with file /mnt/unraid/Cronjobs/media/config/rynok86
twitch
otheryt
kids
dance
Tue 26 May 2020 03:20:01 PM CDT kile-app2 YouTube-DL Update
Authenticating YouTube with file /mnt/unraid/Cronjobs/media/config/rynok86
Tue 26 May 2020 03:30:01 PM CDT kile-app2 YouTube-DL Update
Authenticating YouTube with file /mnt/unraid/Cronjobs/media/config/rynok86
Tue 26 May 2020 03:40:01 PM CDT kile-app2 YouTube-DL Update
Authenticating YouTube with file /mnt/unraid/Cronjobs/media/config/rynok86
Tue 26 May 2020 03:50:01 PM CDT kile-app2 YouTube-DL Update
Authenticating YouTube with file /mnt/unraid/Cronjobs/media/config/rynok86
Tue 26 May 2020 04:00:01 PM CDT kile-app2 YouTube-DL Update
Tue 26 May 2020 04:00:01 PM CDT kile-app2 YouTube-DL Update
Running list subscriptions
Authenticating YouTube with file /mnt/unraid/Cronjobs/media/config/rynok86
entertainment
gaming
tech
vocal
Tue 26 May 2020 04:10:01 PM CDT kile-app2 YouTube-DL Update
Authenticating YouTube with file /mnt/unraid/Cronjobs/media/config/rynok86
twitch
otheryt
kids
dance
Tue 26 May 2020 04:20:01 PM CDT kile-app2 YouTube-DL Update
Authenticating YouTube with file /mnt/unraid/Cronjobs/media/config/rynok86
Tue 26 May 2020 04:30:01 PM CDT kile-app2 YouTube-DL Update
Authenticating YouTube with file /mnt/unraid/Cronjobs/media/config/rynok86
Tue 26 May 2020 04:40:01 PM CDT kile-app2 YouTube-DL Update
Authenticating YouTube with file /mnt/unraid/Cronjobs/media/config/rynok86
Tue 26 May 2020 04:50:01 PM CDT kile-app2 YouTube-DL Update
Authenticating YouTube with file /mnt/unraid/Cronjobs/media/config/rynok86
Tue 26 May 2020 05:00:01 PM CDT kile-app2 YouTube-DL Update
Tue 26 May 2020 05:00:01 PM CDT kile-app2 YouTube-DL Update
Running list subscriptions
Authenticating YouTube with file /mnt/unraid/Cronjobs/media/config/rynok86
entertainment
gaming
tech
vocal
Tue 26 May 2020 05:10:01 PM CDT kile-app2 YouTube-DL Update
Authenticating YouTube with file /mnt/unraid/Cronjobs/media/config/rynok86
twitch
otheryt
kids
dance
Tue 26 May 2020 05:20:01 PM CDT kile-app2 YouTube-DL Update
Authenticating YouTube with file /mnt/unraid/Cronjobs/media/config/rynok86
Tue 26 May 2020 05:30:01 PM CDT kile-app2 YouTube-DL Update
Authenticating YouTube with file /mnt/unraid/Cronjobs/media/config/rynok86
Tue 26 May 2020 05:40:01 PM CDT kile-app2 YouTube-DL Update
Authenticating YouTube with file /mnt/unraid/Cronjobs/media/config/rynok86
Tue 26 May 2020 05:50:01 PM CDT kile-app2 YouTube-DL Update
Authenticating YouTube with file /mnt/unraid/Cronjobs/media/config/rynok86
Tue 26 May 2020 07:00:01 PM CDT kile-app2 YouTube-DL Update
Tue 26 May 2020 07:00:01 PM CDT kile-app2 YouTube-DL Update
Running list subscriptions
Authenticating YouTube with file /mnt/unraid/Cronjobs/media/config/rynok86
entertainment
gaming
tech
vocal
Tue 26 May 2020 07:10:02 PM CDT kile-app2 YouTube-DL Update
Authenticating YouTube with file /mnt/unraid/Cronjobs/media/config/rynok86
twitch
otheryt
kids
dance
Tue 26 May 2020 07:20:01 PM CDT kile-app2 YouTube-DL Update
Authenticating YouTube with file /mnt/unraid/Cronjobs/media/config/rynok86
Tue 26 May 2020 07:30:01 PM CDT kile-app2 YouTube-DL Update
Authenticating YouTube with file /mnt/unraid/Cronjobs/media/config/rynok86
Tue 26 May 2020 07:40:01 PM CDT kile-app2 YouTube-DL Update
Authenticating YouTube with file /mnt/unraid/Cronjobs/media/config/rynok86
Tue 26 May 2020 07:50:01 PM CDT kile-app2 YouTube-DL Update
Authenticating YouTube with file /mnt/unraid/Cronjobs/media/config/rynok86
Tue 26 May 2020 09:00:01 PM CDT kile-app2 YouTube-DL Update
Tue 26 May 2020 09:00:01 PM CDT kile-app2 YouTube-DL Update
Running list subscriptions
Authenticating YouTube with file /mnt/unraid/Cronjobs/media/config/rynok86
entertainment
gaming
tech
vocal
Tue 26 May 2020 09:10:01 PM CDT kile-app2 YouTube-DL Update
Authenticating YouTube with file /mnt/unraid/Cronjobs/media/config/rynok86
twitch
otheryt
kids
dance
Tue 26 May 2020 09:20:01 PM CDT kile-app2 YouTube-DL Update
Authenticating YouTube with file /mnt/unraid/Cronjobs/media/config/rynok86
Tue 26 May 2020 09:30:01 PM CDT kile-app2 YouTube-DL Update
Authenticating YouTube with file /mnt/unraid/Cronjobs/media/config/rynok86
Tue 26 May 2020 09:40:01 PM CDT kile-app2 YouTube-DL Update
Authenticating YouTube with file /mnt/unraid/Cronjobs/media/config/rynok86
Tue 26 May 2020 09:50:01 PM CDT kile-app2 YouTube-DL Update
Authenticating YouTube with file /mnt/unraid/Cronjobs/media/config/rynok86
Tue 26 May 2020 10:00:01 PM CDT kile-app2 YouTube-DL Update
Tue 26 May 2020 10:00:01 PM CDT kile-app2 YouTube-DL Update
Running list subscriptions
Authenticating YouTube with file /mnt/unraid/Cronjobs/media/config/rynok86
entertainment
gaming
tech
vocal
Tue 26 May 2020 10:10:01 PM CDT kile-app2 YouTube-DL Update
Authenticating YouTube with file /mnt/unraid/Cronjobs/media/config/rynok86
twitch
otheryt
kids
dance
Tue 26 May 2020 10:20:01 PM CDT kile-app2 YouTube-DL Update
Authenticating YouTube with file /mnt/unraid/Cronjobs/media/config/rynok86
Tue 26 May 2020 10:30:01 PM CDT kile-app2 YouTube-DL Update
Authenticating YouTube with file /mnt/unraid/Cronjobs/media/config/rynok86
Tue 26 May 2020 10:40:01 PM CDT kile-app2 YouTube-DL Update
Authenticating YouTube with file /mnt/unraid/Cronjobs/media/config/rynok86
Tue 26 May 2020 10:50:01 PM CDT kile-app2 YouTube-DL Update
Authenticating YouTube with file /mnt/unraid/Cronjobs/media/config/rynok86
Tue 26 May 2020 11:00:01 PM CDT kile-app2 YouTube-DL Update
Tue 26 May 2020 11:00:01 PM CDT kile-app2 YouTube-DL Update
Running list subscriptions
Authenticating YouTube with file /mnt/unraid/Cronjobs/media/config/rynok86
entertainment
gaming
tech
vocal
Tue 26 May 2020 11:10:01 PM CDT kile-app2 YouTube-DL Update
Authenticating YouTube with file /mnt/unraid/Cronjobs/media/config/rynok86
twitch
otheryt
kids
dance
Tue 26 May 2020 11:20:01 PM CDT kile-app2 YouTube-DL Update
Authenticating YouTube with file /mnt/unraid/Cronjobs/media/config/rynok86
Tue 26 May 2020 11:30:01 PM CDT kile-app2 YouTube-DL Update
Authenticating YouTube with file /mnt/unraid/Cronjobs/media/config/rynok86
Tue 26 May 2020 11:40:01 PM CDT kile-app2 YouTube-DL Update
Unable to run list subscriptions due to pause existing
Tue 26 May 2020 11:50:01 PM CDT kile-app2 YouTube-DL Update
Authenticating YouTube with file /mnt/unraid/Cronjobs/media/config/rynok86
